1619002076043	geckodriver	INFO	Listening on 127.0.0.1:49949
1619002079113	mozrunner::runner	INFO	Running command: "C:\\Program Files\\Mozilla Firefox\\firefox.exe" "--marionette" "-foreground" "-no-remote" "-profile" "C:\\Users\\User\\AppData\\Local\\Temp\\rust_mozprofile0F49ZH"
1619002093268	Marionette	INFO	Marionette enabled
[Parent 5968, IPC I/O Parent] WARNING: file /builds/worker/checkouts/gecko/ipc/chromium/src/base/process_util_win.cc:167
console.warn: SearchSettings: "get: No settings file exists, new profile?" (new Error("", "(unknown module)"))
1619002121275	Marionette	INFO	Listening on port 49957
1619002121906	Marionette	WARN	TLS certificate errors will be ignored for this session
1619002128528	Marionette	INFO	Stopped listening on port 49957
1619002131688	geckodriver	INFO	Listening on 127.0.0.1:50022
1619002134696	mozrunner::runner	INFO	Running command: "C:\\Program Files\\Mozilla Firefox\\firefox.exe" "--marionette" "-foreground" "-no-remote" "-profile" "C:\\Users\\User\\AppData\\Local\\Temp\\rust_mozprofileJFHnwn"
1619002137373	Marionette	INFO	Marionette enabled
console.warn: SearchSettings: "get: No settings file exists, new profile?" (new Error("", "(unknown module)"))
1619002143287	Marionette	INFO	Listening on port 50030
1619002143847	Marionette	WARN	TLS certificate errors will be ignored for this session
1619002157696	Marionette	INFO	Stopped listening on port 50030
[Parent 8868, IPC I/O Parent] WARNING: file /builds/worker/checkouts/gecko/ipc/chromium/src/base/process_util_win.cc:167
JavaScript error: resource:///modules/FaviconLoader.jsm, line 596: InvalidStateError: JSWindowActorChild.sendAsyncMessage: JSWindowActorChild cannot send at the moment
[Parent 8868, IPC I/O Parent] WARNING: file /builds/worker/checkouts/gecko/ipc/chromium/src/base/process_util_win.cc:167
1619002274477	geckodriver	INFO	Listening on 127.0.0.1:50082
1619002277510	mozrunner::runner	INFO	Running command: "C:\\Program Files\\Mozilla Firefox\\firefox.exe" "--marionette" "-foreground" "-no-remote" "-profile" "C:\\Users\\User\\AppData\\Local\\Temp\\rust_mozprofileShgFXi"
1619002279186	Marionette	INFO	Marionette enabled
console.warn: SearchSettings: "get: No settings file exists, new profile?" (new Error("", "(unknown module)"))
1619002285005	Marionette	INFO	Listening on port 50090
1619002285533	Marionette	WARN	TLS certificate errors will be ignored for this session
1619002289647	Marionette	INFO	Stopped listening on port 50090

###!!! [Child][RunMessage] Error: Channel closing: too late to send/recv, messages will be lost

1619002291590	geckodriver	INFO	Listening on 127.0.0.1:50131
1619002294638	mozrunner::runner	INFO	Running command: "C:\\Program Files\\Mozilla Firefox\\firefox.exe" "--marionette" "-foreground" "-no-remote" "-profile" "C:\\Users\\User\\AppData\\Local\\Temp\\rust_mozprofileMj3gAu"
1619002295320	Marionette	INFO	Marionette enabled
console.warn: SearchSettings: "get: No settings file exists, new profile?" (new Error("", "(unknown module)"))
1619002300107	Marionette	INFO	Listening on port 50139
1619002300495	Marionette	WARN	TLS certificate errors will be ignored for this session
1619002309991	Marionette	INFO	Stopped listening on port 50139

###!!! [Child][RunMessage] Error: Channel closing: too late to send/recv, messages will be lost

1619002344750	geckodriver	INFO	Listening on 127.0.0.1:50192
1619002347815	mozrunner::runner	INFO	Running command: "C:\\Program Files\\Mozilla Firefox\\firefox.exe" "--marionette" "-foreground" "-no-remote" "-profile" "C:\\Users\\User\\AppData\\Local\\Temp\\rust_mozprofiledMtAl0"
1619002349487	Marionette	INFO	Marionette enabled
console.warn: SearchSettings: "get: No settings file exists, new profile?" (new Error("", "(unknown module)"))
1619002354349	Marionette	INFO	Listening on port 50200
1619002354810	Marionette	WARN	TLS certificate errors will be ignored for this session
1619002357341	Marionette	INFO	Stopped listening on port 50200
[Parent 4576, IPC I/O Parent] WARNING: file /builds/worker/checkouts/gecko/ipc/chromium/src/base/process_util_win.cc:167

###!!! [Child][RunMessage] Error: Channel closing: too late to send/recv, messages will be lost

1619002359822	geckodriver	INFO	Listening on 127.0.0.1:50236
1619002362862	mozrunner::runner	INFO	Running command: "C:\\Program Files\\Mozilla Firefox\\firefox.exe" "--marionette" "-foreground" "-no-remote" "-profile" "C:\\Users\\User\\AppData\\Local\\Temp\\rust_mozprofileijrnch"
1619002363522	Marionette	INFO	Marionette enabled
console.warn: SearchSettings: "get: No settings file exists, new profile?" (new Error("", "(unknown module)"))
1619002368150	Marionette	INFO	Listening on port 50244
1619002368233	Marionette	WARN	TLS certificate errors will be ignored for this session
1619002375200	Marionette	INFO	Stopped listening on port 50244
JavaScript error: https://admin-demo.nopcommerce.com/lib_npm/jquery/jquery.min.js, line 2: NS_ERROR_NOT_INITIALIZED: 
1619123451282	geckodriver	INFO	Listening on 127.0.0.1:50401
1619123454348	mozrunner::runner	INFO	Running command: "C:\\Program Files\\Mozilla Firefox\\firefox.exe" "--marionette" "-foreground" "-no-remote" "-profile" "C:\\Users\\User\\AppData\\Local\\Temp\\rust_mozprofile8eJ3ac"
1619123459242	Marionette	INFO	Marionette enabled
console.warn: SearchSettings: "get: No settings file exists, new profile?" (new Error("", "(unknown module)"))
1619123482700	Marionette	INFO	Listening on port 50411
1619123483264	Marionette	WARN	TLS certificate errors will be ignored for this session
[Parent 9100, IPC I/O Parent] WARNING: file /builds/worker/checkouts/gecko/ipc/chromium/src/base/process_util_win.cc:167
[Parent 9100, IPC I/O Parent] WARNING: file /builds/worker/checkouts/gecko/ipc/chromium/src/base/process_util_win.cc:167
1619123497337	Marionette	INFO	Stopped listening on port 50411

###!!! [Child][RunMessage] Error: Channel closing: too late to send/recv, messages will be lost


###!!! [Child][MessageChannel] Error: (msgtype=0x5F0005,name=PImageBridge::Msg_WillClose) Channel error: cannot send/recv

1619123509863	geckodriver	INFO	Listening on 127.0.0.1:50485
1619123513009	mozrunner::runner	INFO	Running command: "C:\\Program Files\\Mozilla Firefox\\firefox.exe" "--marionette" "-foreground" "-no-remote" "-profile" "C:\\Users\\User\\AppData\\Local\\Temp\\rust_mozprofile4n0hd7"
1619123514880	Marionette	INFO	Marionette enabled
console.warn: SearchSettings: "get: No settings file exists, new profile?" (new Error("", "(unknown module)"))
1619123519992	Marionette	INFO	Listening on port 50493
1619123520503	Marionette	WARN	TLS certificate errors will be ignored for this session
[Parent 6048, IPC I/O Parent] WARNING: file /builds/worker/checkouts/gecko/ipc/chromium/src/base/process_util_win.cc:167
[Parent 6048, IPC I/O Parent] WARNING: file /builds/worker/checkouts/gecko/ipc/chromium/src/base/process_util_win.cc:167
1619123557733	Marionette	INFO	Stopped listening on port 50493

###!!! [Child][RunMessage] Error: Channel closing: too late to send/recv, messages will be lost

1619151325661	geckodriver	INFO	Listening on 127.0.0.1:51125
1619151329098	mozrunner::runner	INFO	Running command: "C:\\Program Files\\Mozilla Firefox\\firefox.exe" "--marionette" "-foreground" "-no-remote" "-profile" "C:\\Users\\User\\AppData\\Local\\Temp\\rust_mozprofilemOI3YB"
1619151339001	Marionette	INFO	Marionette enabled

###!!! [Child][RunMessage] Error: Channel closing: too late to send/recv, messages will be lost

[Parent 228, IPC I/O Parent] WARNING: file /builds/worker/checkouts/gecko/ipc/chromium/src/base/process_util_win.cc:167
console.error: Region.jsm: "Error fetching region" (new Error("TIMEOUT", "resource://gre/modules/Region.jsm", 772))
console.error: Region.jsm: "Failed to fetch region" (new Error("TIMEOUT", "resource://gre/modules/Region.jsm", 419))
console.warn: SearchSettings: "get: No settings file exists, new profile?" (new Error("", "(unknown module)"))
1619151379962	Marionette	INFO	Listening on port 51136
1619151381343	Marionette	WARN	TLS certificate errors will be ignored for this session
1619151389273	Marionette	INFO	Stopped listening on port 51136

###!!! [Child][RunMessage] Error: Channel closing: too late to send/recv, messages will be lost

1619151393615	geckodriver	INFO	Listening on 127.0.0.1:51205
1619151396630	mozrunner::runner	INFO	Running command: "C:\\Program Files\\Mozilla Firefox\\firefox.exe" "--marionette" "-foreground" "-no-remote" "-profile" "C:\\Users\\User\\AppData\\Local\\Temp\\rust_mozprofileFBrtPJ"
1619151397743	Marionette	INFO	Marionette enabled
console.warn: SearchSettings: "get: No settings file exists, new profile?" (new Error("", "(unknown module)"))
1619151405879	Marionette	INFO	Listening on port 51213
1619151406260	Marionette	WARN	TLS certificate errors will be ignored for this session
1619151436256	Marionette	INFO	Stopped listening on port 51213

###!!! [Child][RunMessage] Error: Channel closing: too late to send/recv, messages will be lost

