05/05/2021 06:38:21 PM: INFO: ***** Test_003_AddCustomer
05/05/2021 06:38:36 PM: INFO: ***** Login successful
05/05/2021 06:38:36 PM: INFO: ***** Starting Add Customer Test
05/05/2021 06:38:42 PM: INFO: ***** Providing Customer Info
05/05/2021 06:39:02 PM: INFO: ***** Saving Customer Info
05/05/2021 06:39:02 PM: INFO: ***** Add Customer validation started
05/05/2021 06:39:04 PM: INFO: ***** Add Customer Test Passed
05/05/2021 06:39:10 PM: INFO: -------- Test_002_logger_Login --------
05/05/2021 06:39:10 PM: INFO: -------- Verifying Login test ---------
05/05/2021 06:39:22 PM: INFO: Dashboard / nopCommerce administration
05/05/2021 06:39:22 PM: INFO: -------- Test_002_logger_Login --------
05/05/2021 06:39:22 PM: INFO: -------- Verifying Login test ---------
05/05/2021 06:39:22 PM: INFO: ------ Login test is passed ------
05/05/2021 06:41:34 PM: INFO: ***** Test_003_AddCustomer
05/05/2021 06:41:43 PM: INFO: ***** Login successful
05/05/2021 06:41:43 PM: INFO: ***** Starting Add Customer Test
05/05/2021 06:41:47 PM: INFO: ***** Providing Customer Info
05/05/2021 06:42:07 PM: INFO: ***** Saving Customer Info
05/05/2021 06:42:07 PM: INFO: ***** Add Customer validation started
05/05/2021 06:42:08 PM: INFO: ***** Add Customer Test Passed
05/05/2021 06:42:11 PM: INFO: -------- Test_002_logger_Login --------
05/05/2021 06:42:11 PM: INFO: -------- Verifying Login test ---------
05/05/2021 06:42:20 PM: INFO: Dashboard / nopCommerce administration
05/05/2021 06:42:20 PM: INFO: -------- Test_002_logger_Login --------
05/05/2021 06:42:20 PM: INFO: -------- Verifying Login test ---------
05/05/2021 06:42:20 PM: INFO: ------ Login test is passed ------
05/05/2021 06:43:44 PM: INFO: ***** Test_003_AddCustomer
05/05/2021 06:43:57 PM: INFO: ***** Login successful
05/05/2021 06:43:57 PM: INFO: ***** Starting Add Customer Test
05/05/2021 06:44:01 PM: INFO: ***** Providing Customer Info
05/05/2021 06:44:20 PM: INFO: ***** Saving Customer Info
05/05/2021 06:44:20 PM: INFO: ***** Add Customer validation started
05/05/2021 06:44:22 PM: INFO: ***** Add Customer Test Passed
05/05/2021 06:44:24 PM: INFO: -------- Test_002_logger_Login --------
05/05/2021 06:44:24 PM: INFO: -------- Verifying Login test ---------
05/05/2021 06:44:34 PM: INFO: Dashboard / nopCommerce administration
05/05/2021 06:44:34 PM: INFO: -------- Test_002_logger_Login --------
05/05/2021 06:44:34 PM: INFO: -------- Verifying Login test ---------
05/05/2021 06:44:34 PM: INFO: ------ Login test is passed ------
05/05/2021 10:15:17 PM: INFO: ***** Test_003_AddCustomer
05/05/2021 10:15:29 PM: INFO: ***** Login successful
05/05/2021 10:15:29 PM: INFO: ***** Starting Add Customer Test
05/05/2021 10:15:34 PM: INFO: ***** Providing Customer Info
05/05/2021 10:15:55 PM: INFO: ***** Saving Customer Info
05/05/2021 10:15:55 PM: INFO: ***** Add Customer validation started
05/05/2021 10:15:57 PM: INFO: ***** Add Customer Test Passed
05/05/2021 10:16:00 PM: INFO: -------- Test_002_logger_Login --------
05/05/2021 10:16:00 PM: INFO: -------- Verifying Login test ---------
05/05/2021 10:16:09 PM: INFO: Dashboard / nopCommerce administration
05/05/2021 10:16:09 PM: INFO: -------- Test_002_logger_Login --------
05/05/2021 10:16:09 PM: INFO: -------- Verifying Login test ---------
05/05/2021 10:16:09 PM: INFO: ------ Login test is passed ------
05/05/2021 10:20:01 PM: INFO: ***** Test_003_AddCustomer
05/05/2021 10:20:11 PM: INFO: ***** Login successful
05/05/2021 10:20:11 PM: INFO: ***** Starting Add Customer Test
05/05/2021 10:20:17 PM: INFO: ***** Providing Customer Info
05/05/2021 10:20:37 PM: INFO: ***** Saving Customer Info
05/05/2021 10:20:37 PM: INFO: ***** Add Customer validation started
05/05/2021 10:20:38 PM: INFO: ***** Add Customer Test Passed
05/05/2021 10:20:42 PM: INFO: -------- Test_002_logger_Login --------
05/05/2021 10:20:42 PM: INFO: -------- Verifying Login test ---------
05/05/2021 10:20:54 PM: INFO: Dashboard / nopCommerce administration
05/05/2021 10:20:54 PM: INFO: -------- Test_002_logger_Login --------
05/05/2021 10:20:54 PM: INFO: -------- Verifying Login test ---------
05/05/2021 10:20:54 PM: INFO: ------ Login test is passed ------
05/05/2021 10:23:47 PM: INFO: ***** Test_003_AddCustomer
05/05/2021 10:23:56 PM: INFO: ***** Login successful
05/05/2021 10:23:56 PM: INFO: ***** Starting Add Customer Test
05/05/2021 10:24:00 PM: INFO: ***** Providing Customer Info
05/05/2021 10:24:21 PM: INFO: ***** Saving Customer Info
05/05/2021 10:24:21 PM: INFO: ***** Add Customer validation started
05/05/2021 10:24:21 PM: INFO: ***** Add Customer Test Passed
05/05/2021 10:24:25 PM: INFO: -------- Test_002_logger_Login --------
05/05/2021 10:24:25 PM: INFO: -------- Verifying Login test ---------
05/05/2021 10:24:34 PM: INFO: Dashboard / nopCommerce administration
05/05/2021 10:24:34 PM: INFO: -------- Test_002_logger_Login --------
05/05/2021 10:24:34 PM: INFO: -------- Verifying Login test ---------
05/05/2021 10:24:34 PM: INFO: ------ Login test is passed ------
05/05/2021 10:40:10 PM: INFO: ***** Test_003_AddCustomer
05/05/2021 10:40:26 PM: INFO: ***** Login successful
05/05/2021 10:40:26 PM: INFO: ***** Starting Add Customer Test
05/05/2021 10:40:30 PM: INFO: ***** Providing Customer Info
05/05/2021 10:40:49 PM: INFO: ***** Saving Customer Info
05/05/2021 10:40:49 PM: INFO: ***** Add Customer validation started
05/05/2021 10:40:49 PM: INFO: ***** Add Customer Test Passed
05/05/2021 10:44:19 PM: INFO: ***** Test_003_AddCustomer
05/05/2021 10:44:29 PM: INFO: ***** Login successful
05/05/2021 10:44:29 PM: INFO: ***** Starting Add Customer Test
05/05/2021 10:44:33 PM: INFO: ***** Providing Customer Info
05/05/2021 10:44:50 PM: INFO: ***** Saving Customer Info
05/05/2021 10:44:50 PM: INFO: ***** Add Customer validation started
05/05/2021 10:47:09 PM: INFO: ***** Test_003_AddCustomer
05/05/2021 10:47:39 PM: INFO: ***** Test_003_AddCustomer
05/05/2021 10:47:59 PM: INFO: ***** Login successful
05/05/2021 10:47:59 PM: INFO: ***** Starting Add Customer Test
05/05/2021 10:48:08 PM: INFO: ***** Providing Customer Info
05/05/2021 10:48:25 PM: INFO: ***** Saving Customer Info
05/05/2021 10:48:25 PM: INFO: ***** Add Customer validation started
05/05/2021 10:48:25 PM: INFO: ***** Add Customer Test Failed
05/05/2021 10:50:06 PM: INFO: ***** Test_003_AddCustomer
05/05/2021 10:50:17 PM: INFO: ***** Login successful
05/05/2021 10:50:17 PM: INFO: ***** Starting Add Customer Test
05/05/2021 10:50:21 PM: INFO: ***** Providing Customer Info
05/05/2021 10:50:38 PM: INFO: ***** Saving Customer Info
05/05/2021 10:50:38 PM: INFO: ***** Add Customer validation started
05/05/2021 10:50:38 PM: INFO: ***** Add Customer Test Failed
05/05/2021 10:52:21 PM: INFO: ***** Test_003_AddCustomer
05/05/2021 10:52:30 PM: INFO: ***** Login successful
05/05/2021 10:52:30 PM: INFO: ***** Starting Add Customer Test
05/05/2021 10:52:36 PM: INFO: ***** Providing Customer Info
05/05/2021 10:52:53 PM: INFO: ***** Saving Customer Info
05/05/2021 10:52:53 PM: INFO: ***** Add Customer validation started
05/05/2021 10:52:53 PM: INFO: ***** Add Customer Test Failed
05/05/2021 10:58:31 PM: INFO: ***** Test_003_AddCustomer
05/05/2021 10:58:41 PM: INFO: ***** Login successful
05/05/2021 10:58:41 PM: INFO: ***** Starting Add Customer Test
05/05/2021 10:58:44 PM: INFO: ***** Providing Customer Info
05/05/2021 10:59:01 PM: INFO: ***** Saving Customer Info
05/05/2021 10:59:01 PM: INFO: ***** Add Customer validation started
05/05/2021 10:59:02 PM: INFO: ***** Add Customer Test Failed
05/05/2021 10:59:42 PM: INFO: ***** Test_003_AddCustomer
05/05/2021 10:59:54 PM: INFO: ***** Login successful
05/05/2021 10:59:54 PM: INFO: ***** Starting Add Customer Test
05/05/2021 10:59:59 PM: INFO: ***** Providing Customer Info
05/05/2021 11:00:16 PM: INFO: ***** Saving Customer Info
05/05/2021 11:00:16 PM: INFO: ***** Add Customer validation started
05/05/2021 11:00:17 PM: INFO: ***** Add Customer Test Failed
05/05/2021 11:00:19 PM: INFO: -------- Test_002_logger_Login --------
05/05/2021 11:00:19 PM: INFO: -------- Verifying Login test ---------
05/05/2021 11:00:32 PM: INFO: Dashboard / nopCommerce administration
05/05/2021 11:00:32 PM: INFO: -------- Test_002_logger_Login --------
05/05/2021 11:00:32 PM: INFO: -------- Verifying Login test ---------
05/05/2021 11:00:32 PM: INFO: ------ Login test is passed ------
05/05/2021 11:04:38 PM: INFO: ***** Test_003_AddCustomer
05/05/2021 11:04:49 PM: INFO: ***** Login successful
05/05/2021 11:04:49 PM: INFO: ***** Starting Add Customer Test
05/05/2021 11:04:54 PM: INFO: ***** Providing Customer Info
05/05/2021 11:05:14 PM: INFO: ***** Saving Customer Info
05/05/2021 11:05:14 PM: INFO: ***** Add Customer validation started
05/05/2021 11:05:15 PM: INFO: ***** Add Customer Test Passed
05/05/2021 11:05:18 PM: INFO: -------- Test_002_logger_Login --------
05/05/2021 11:05:18 PM: INFO: -------- Verifying Login test ---------
05/05/2021 11:05:27 PM: INFO: Dashboard / nopCommerce administration
05/05/2021 11:05:27 PM: INFO: -------- Test_002_logger_Login --------
05/05/2021 11:05:27 PM: INFO: -------- Verifying Login test ---------
05/05/2021 11:05:27 PM: INFO: ------ Login test is passed ------
05/05/2021 11:07:33 PM: INFO: ***** Test_003_AddCustomer
05/05/2021 11:07:43 PM: INFO: ***** Login successful
05/05/2021 11:07:43 PM: INFO: ***** Starting Add Customer Test
05/05/2021 11:07:47 PM: INFO: ***** Providing Customer Info
05/05/2021 11:08:06 PM: INFO: ***** Saving Customer Info
05/05/2021 11:08:06 PM: INFO: ***** Add Customer validation started
05/05/2021 11:08:06 PM: INFO: ***** Add Customer Test Passed
05/06/2021 07:53:57 AM: INFO: -------- Test_001_logger_Login --------
05/06/2021 07:53:57 AM: INFO: ------ Verifying Home Page Title ------
05/06/2021 07:54:02 AM: INFO: Your store. Login
05/06/2021 07:54:03 AM: INFO: ------ Home page title is passed ------
05/06/2021 07:54:07 AM: INFO: -------- Test_002_logger_Login --------
05/06/2021 07:54:07 AM: INFO: -------- Verifying Login test ---------
05/06/2021 07:54:30 AM: INFO: Dashboard / nopCommerce administration
05/06/2021 07:54:30 AM: INFO: -------- Test_002_logger_Login --------
05/06/2021 07:54:30 AM: INFO: -------- Verifying Login test ---------
05/06/2021 07:54:30 AM: INFO: ------ Login test is passed ------
05/06/2021 09:30:25 AM: INFO: ***** Test_003_AddCustomer
05/06/2021 09:30:38 AM: INFO: ***** Login successful
05/06/2021 09:30:38 AM: INFO: ***** Starting Add Customer Test
05/06/2021 09:30:48 AM: INFO: ***** Providing Customer Info
05/06/2021 09:31:10 AM: INFO: ***** Saving Customer Info
05/06/2021 09:31:10 AM: INFO: ***** Add Customer validation started
05/06/2021 09:31:10 AM: INFO: ***** Add Customer Test Passed
05/06/2021 09:31:13 AM: INFO: -------- Test_002_logger_Login --------
05/06/2021 09:31:13 AM: INFO: -------- Verifying Login test ---------
05/06/2021 09:31:23 AM: INFO: Dashboard / nopCommerce administration
05/06/2021 09:31:23 AM: INFO: -------- Test_002_logger_Login --------
05/06/2021 09:31:23 AM: INFO: -------- Verifying Login test ---------
05/06/2021 09:31:23 AM: INFO: ------ Login test is passed ------
05/06/2021 09:33:59 AM: INFO: ***** Test_003_AddCustomer
05/06/2021 09:34:12 AM: INFO: ***** Login successful
05/06/2021 09:34:12 AM: INFO: ***** Starting Add Customer Test
05/06/2021 09:34:16 AM: INFO: ***** Providing Customer Info
05/06/2021 09:34:36 AM: INFO: ***** Saving Customer Info
05/06/2021 09:34:36 AM: INFO: ***** Add Customer validation started
05/06/2021 09:34:37 AM: INFO: ***** Add Customer Test Passed
05/06/2021 09:34:39 AM: INFO: -------- Test_002_logger_Login --------
05/06/2021 09:34:39 AM: INFO: -------- Verifying Login test ---------
05/06/2021 09:34:48 AM: INFO: Dashboard / nopCommerce administration
05/06/2021 09:34:48 AM: INFO: -------- Test_002_logger_Login --------
05/06/2021 09:34:48 AM: INFO: -------- Verifying Login test ---------
05/06/2021 09:34:48 AM: INFO: ------ Login test is passed ------
05/06/2021 09:35:58 AM: INFO: ***** Test_003_AddCustomer
05/06/2021 09:36:06 AM: INFO: ***** Login successful
05/06/2021 09:36:06 AM: INFO: ***** Starting Add Customer Test
05/06/2021 09:36:11 AM: INFO: ***** Providing Customer Info
05/06/2021 09:36:31 AM: INFO: ***** Saving Customer Info
05/06/2021 09:36:32 AM: INFO: ***** Add Customer validation started
05/06/2021 09:36:33 AM: INFO: ***** Add Customer Test Passed
05/06/2021 09:36:36 AM: INFO: -------- Test_002_logger_Login --------
05/06/2021 09:36:36 AM: INFO: -------- Verifying Login test ---------
05/06/2021 09:36:45 AM: INFO: Dashboard / nopCommerce administration
05/06/2021 09:36:45 AM: INFO: -------- Test_002_logger_Login --------
05/06/2021 09:36:45 AM: INFO: -------- Verifying Login test ---------
05/06/2021 09:36:45 AM: INFO: ------ Login test is passed ------
05/06/2021 09:38:24 AM: INFO: ***** Test_003_AddCustomer
05/06/2021 09:38:36 AM: INFO: ***** Login successful
05/06/2021 09:38:36 AM: INFO: ***** Starting Add Customer Test
05/06/2021 09:38:42 AM: INFO: ***** Providing Customer Info
05/06/2021 09:39:01 AM: INFO: ***** Saving Customer Info
05/06/2021 09:39:01 AM: INFO: ***** Add Customer validation started
05/06/2021 09:39:02 AM: INFO: ***** Add Customer Test Passed
05/06/2021 09:39:05 AM: INFO: -------- Test_002_logger_Login --------
05/06/2021 09:39:05 AM: INFO: -------- Verifying Login test ---------
05/06/2021 09:39:15 AM: INFO: Dashboard / nopCommerce administration
05/06/2021 09:39:15 AM: INFO: -------- Test_002_logger_Login --------
05/06/2021 09:39:15 AM: INFO: -------- Verifying Login test ---------
05/06/2021 09:39:15 AM: INFO: ------ Login test is passed ------
